0 info it worked if it ends with ok
1 verbose cli [ '/usr/local/bin/node', '/usr/local/bin/npm', 'run', 'serve' ]
2 info using npm@3.10.2
3 info using node@v6.2.2
4 verbose run-script [ 'preserve', 'serve', 'postserve' ]
5 info lifecycle sketches@0.0.1~preserve: sketches@0.0.1
6 silly lifecycle sketches@0.0.1~preserve: no script for preserve, continuing
7 info lifecycle sketches@0.0.1~serve: sketches@0.0.1
8 verbose lifecycle sketches@0.0.1~serve: unsafe-perm in lifecycle true
9 verbose lifecycle sketches@0.0.1~serve: PATH: /usr/local/lib/node_modules/npm/bin/node-gyp-bin:/tbaldwin/sketches/node_modules/.bin:/usr/local/bin:/Users/taylorbaldwin/bin:/usr/local/bin:/usr/local/sbin:/Users/taylorbaldwin/lib/go/bin:/Users/taylorbaldwin/.nvm/versions/node/v6.2.1/bin:/Users/taylorbaldwin/sites/torch/install/bin:/usr/local/bin:/usr/bin:/bin:/usr/sbin:/sbin:/opt/X11/bin
10 verbose lifecycle sketches@0.0.1~serve: CWD: /tbaldwin/sketches
11 silly lifecycle sketches@0.0.1~serve: Args: [ '-c',
11 silly lifecycle   'open http://localhost:8080 && cd static && python -m SimpleHTTPServer 8080' ]
12 silly lifecycle sketches@0.0.1~serve: Returned: code: 1  signal: null
13 info lifecycle sketches@0.0.1~serve: Failed to exec serve script
14 verbose stack Error: sketches@0.0.1 serve: `open http://localhost:8080 && cd static && python -m SimpleHTTPServer 8080`
14 verbose stack Exit status 1
14 verbose stack     at EventEmitter.<anonymous> (/usr/local/lib/node_modules/npm/lib/utils/lifecycle.js:242:16)
14 verbose stack     at emitTwo (events.js:106:13)
14 verbose stack     at EventEmitter.emit (events.js:191:7)
14 verbose stack     at ChildProcess.<anonymous> (/usr/local/lib/node_modules/npm/lib/utils/spawn.js:40:14)
14 verbose stack     at emitTwo (events.js:106:13)
14 verbose stack     at ChildProcess.emit (events.js:191:7)
14 verbose stack     at maybeClose (internal/child_process.js:852:16)
14 verbose stack     at Process.ChildProcess._handle.onexit (internal/child_process.js:215:5)
15 verbose pkgid sketches@0.0.1
16 verbose cwd /tbaldwin/sketches/static
17 error Darwin 15.6.0
18 error argv "/usr/local/bin/node" "/usr/local/bin/npm" "run" "serve"
19 error node v6.2.2
20 error npm  v3.10.2
21 error code ELIFECYCLE
22 error sketches@0.0.1 serve: `open http://localhost:8080 && cd static && python -m SimpleHTTPServer 8080`
22 error Exit status 1
23 error Failed at the sketches@0.0.1 serve script 'open http://localhost:8080 && cd static && python -m SimpleHTTPServer 8080'.
23 error Make sure you have the latest version of node.js and npm installed.
23 error If you do, this is most likely a problem with the sketches package,
23 error not with npm itself.
23 error Tell the author that this fails on your system:
23 error     open http://localhost:8080 && cd static && python -m SimpleHTTPServer 8080
23 error You can get information on how to open an issue for this project with:
23 error     npm bugs sketches
23 error Or if that isn't available, you can get their info via:
23 error     npm owner ls sketches
23 error There is likely additional logging output above.
24 verbose exit [ 1, true ]
